<?xml version="1.0" encoding="UTF-8"?>
<testsuite xmlns:xsi="http://www.w3.org/2001/XMLSchema-instance" xsi:noNamespaceSchemaLocation="https://maven.apache.org/surefire/maven-surefire-plugin/xsd/surefire-test-report.xsd" name="za.ac.nwu.acsys.web.sb.controller.AccountTypeControllerTest" time="0.111" tests="6" errors="0" skipped="0" failures="0">
  <properties>
[...]
</properties>
  <testcase name="create" classname="za.ac.nwu.acsys.web.sb.controller.AccountTypeControllerTest" time="0.023"/>
  <testcase name="getAll" classname="za.ac.nwu.acsys.web.sb.controller.AccountTypeControllerTest" time="0.015"/>
  <testcase name="updateAccountTypeObitMandatory" classname="za.ac.nwu.acsys.web.sb.controller.AccountTypeControllerTest" time="0.022"/>
  <testcase name="updateAccountType" classname="za.ac.nwu.acsys.web.sb.controller.AccountTypeControllerTest" time="0.019"/>
  <testcase name="updateAccountTypeWithNoOptionalDate" classname="za.ac.nwu.acsys.web.sb.controller.AccountTypeControllerTest" time="0.015"/>
  <testcase name="deleteAccountType" classname="za.ac.nwu.acsys.web.sb.controller.AccountTypeControllerTest" time="0.015"/>
</testsuite>