GROUP,PACKAGE,CLASS,INSTRUCTION_MISSED,INSTRUCTION_COVERED,BRANCH_MISSED,BRANCH_COVERED,LINE_MISSED,LINE_COVERED,COMPLEXITY_MISSED,COMPLEXITY_COVERED,METHOD_MISSED,METHOD_COVERED
AccountSystemLogic,za.ac.nwu.acsys.logic.flow.impl,ModifyAccountTypeFlowImpl,0,18,0,0,0,5,0,3,0,3
AccountSystemLogic,za.ac.nwu.acsys.logic.flow.impl,CreateAccountInfoFlowImpl,25,13,0,0,6,5,1,2,1,2
AccountSystemLogic,za.ac.nwu.acsys.logic.flow.impl,FetchAccountInfoFlowImpl,0,32,0,0,0,8,0,6,0,6
AccountSystemLogic,za.ac.nwu.acsys.logic.flow.impl,CreateAccountTransactionFlowImpl,138,16,4,0,30,6,4,2,2,2
AccountSystemLogic,za.ac.nwu.acsys.logic.flow.impl,CreateAccountTypeFlowImpl,0,26,1,1,0,8,1,3,0,3
AccountSystemLogic,za.ac.nwu.acsys.logic.flow.impl,FetchAccountTypeFlowImpl,4,16,0,0,1,5,1,3,1,3
AccountSystemLogic,za.ac.nwu.acsys.logic.flow.impl,FetchAccountTransactionFlowImpl,0,14,0,0,0,5,0,2,0,2
AccountSystemLogic,za.ac.nwu.acsys.logic.config,LogicConfig,3,0,0,0,1,0,1,0,1,0
